Build started 2/8/2017 7:37:35 PM.
     1>Project "D:\Projects\Personal\ShaderProject\shader-framework-sushant-repo\ShaderFramework\ShaderFramework\ShaderFramework.vcxproj" on node 2 (Build target(s)).
     1>ClCompile:
         C:\Program Files (x86)\Microsoft Visual Studio 12.0\VC\bin\CL.exe /c /I../source/external /ZI /nologo /W3 /WX- /Od /Oy- /D WIN32 /D _DEBUG /D _CONSOLE /D _LIB /D _UNICODE /D UNICODE /Gm /EHsc /RTC1 /MDd /GS /fp:precise /Zc:wchar_t /Zc:forScope /Fo"Debug\\" /Fd"Debug\vc120.pdb" /Gd /TP /analyze- /errorReport:prompt ..\source\app\manager\ShaderAppManager.cpp
         ShaderAppManager.cpp
     1>d:\projects\personal\shaderproject\shader-framework-sushant-repo\shaderframework\source\framework\datatype\sfmatrix.hpp(18): warning C4018: '<' : signed/unsigned mismatch
     1>d:\projects\personal\shaderproject\shader-framework-sushant-repo\shaderframework\source\framework\datatype\sfmatrix.hpp(20): warning C4018: '<' : signed/unsigned mismatch
     1>d:\projects\personal\shaderproject\shader-framework-sushant-repo\shaderframework\source\framework\datatype\sfmatrix.hpp(21): warning C4018: '<' : signed/unsigned mismatch
     1>d:\projects\personal\shaderproject\shader-framework-sushant-repo\shaderframework\source\framework\datatype\sfmatrix.hpp(30): warning C4018: '<' : signed/unsigned mismatch
     1>d:\projects\personal\shaderproject\shader-framework-sushant-repo\shaderframework\source\framework\datatype\sfmatrix.hpp(31): warning C4018: '<' : signed/unsigned mismatch
     1>d:\projects\personal\shaderproject\shader-framework-sushant-repo\shaderframework\source\framework\datatype\sfmatrix.hpp(39): warning C4018: '<' : signed/unsigned mismatch
     1>d:\projects\personal\shaderproject\shader-framework-sushant-repo\shaderframework\source\framework\datatype\sfmatrix.hpp(40): warning C4018: '<' : signed/unsigned mismatch
     1>d:\projects\personal\shaderproject\shader-framework-sushant-repo\shaderframework\source\framework\datatype\sfmatrix.hpp(52): warning C4018: '<' : signed/unsigned mismatch
     1>d:\projects\personal\shaderproject\shader-framework-sushant-repo\shaderframework\source\framework\datatype\sfmatrix.hpp(55): warning C4018: '<' : signed/unsigned mismatch
     1>d:\projects\personal\shaderproject\shader-framework-sushant-repo\shaderframework\source\framework\datatype\sfmatrix.hpp(56): warning C4018: '<' : signed/unsigned mismatch
     1>d:\projects\personal\shaderproject\shader-framework-sushant-repo\shaderframework\source\framework\datatype\sfmatrix.hpp(59): warning C4018: '<' : signed/unsigned mismatch
     1>d:\projects\personal\shaderproject\shader-framework-sushant-repo\shaderframework\source\app\manager\shaderappmanager.hpp(159): warning C4172: returning address of local variable or temporary
     1>d:\projects\personal\shaderproject\shader-framework-sushant-repo\shaderframework\source\app\manager\shaderappmanager.hpp(166): warning C4172: returning address of local variable or temporary
       Link:
         C:\Program Files (x86)\Microsoft Visual Studio 12.0\VC\bin\link.exe /ERRORREPORT:PROMPT /OUT:"D:\Projects\Personal\ShaderProject\shader-framework-sushant-repo\ShaderFramework\Debug\ShaderFramework.exe" /INCREMENTAL /NOLOGO glew32.lib freeglut.lib kernel32.lib user32.lib gdi32.lib winspool.lib comdlg32.lib advapi32.lib shell32.lib ole32.lib oleaut32.lib uuid.lib odbc32.lib odbccp32.lib /MANIFEST /MANIFESTUAC:"level='asInvoker' uiAccess='false'" /manifest:embed /DEBUG /PDB:"D:\Projects\Personal\ShaderProject\shader-framework-sushant-repo\ShaderFramework\Debug\ShaderFramework.pdb" /SUBSYSTEM:CONSOLE /TLBID:1 /DYNAMICBASE /NXCOMPAT /IMPLIB:"D:\Projects\Personal\ShaderProject\shader-framework-sushant-repo\ShaderFramework\Debug\ShaderFramework.lib" /MACHINE:X86 Debug\ShaderAppManager.obj
         Debug\DeferredRendering.obj
         Debug\GeometryShader.obj
         Debug\ShaderDefault.obj
         Debug\ShaderDiffuse.obj
         Debug\ShaderInterface.obj
         Debug\MainApp.obj
         ShaderFramework.vcxproj -> D:\Projects\Personal\ShaderProject\shader-framework-sushant-repo\ShaderFramework\Debug\ShaderFramework.exe
     1>Done Building Project "D:\Projects\Personal\ShaderProject\shader-framework-sushant-repo\ShaderFramework\ShaderFramework\ShaderFramework.vcxproj" (Build target(s)).

Build succeeded.

Time Elapsed 00:00:01.97
